2025-09-17 14:57:39,444 - FileExplorer - INFO - Application started
2025-09-17 14:57:41,120 - FileExplorer - INFO - Showing hidden files
2025-09-17 14:57:41,649 - FileExplorer - INFO - Hiding hidden files
2025-09-17 14:57:46,452 - FileExplorer - INFO - Starting search for: раздватри
2025-09-17 14:57:46,452 - FileExplorer - INFO - Starting search for pattern: раздватри
2025-09-17 14:57:47,178 - FileExplorer - INFO - Search finished
2025-09-17 14:57:47,220 - FileExplorer - INFO - Search completed
2025-09-17 14:57:49,139 - FileExplorer - INFO - Application closed
2025-09-17 14:58:41,175 - FileExplorer - INFO - Application started
2025-09-17 14:58:43,290 - FileExplorer - ERROR - Ќевозможно перейти в директорию выше!
2025-09-17 14:58:43,663 - FileExplorer - ERROR - Ќевозможно перейти в указанную директорию!
2025-09-17 14:58:44,427 - FileExplorer - INFO - Selected: D:/
2025-09-17 14:58:45,243 - FileExplorer - ERROR - Ќевозможно перейти в указанную директорию!
2025-09-17 14:58:45,570 - FileExplorer - INFO - Selected: D:/Counter-Strike 1.6 All-Servers
2025-09-17 14:58:46,073 - FileExplorer - ERROR - Ќевозможно перейти в указанную директорию!
2025-09-17 14:58:46,482 - FileExplorer - ERROR - Ќевозможно перейти в директорию выше!
2025-09-17 14:58:46,734 - FileExplorer - ERROR - Ќевозможно перейти в директорию выше!
2025-09-17 14:58:46,964 - FileExplorer - ERROR - Ќевозможно перейти в директорию выше!
2025-09-17 14:58:48,935 - FileExplorer - INFO - Showing hidden files
2025-09-17 14:58:52,309 - FileExplorer - INFO - Application closed
2025-09-17 15:02:24,555 - FileExplorer - INFO - Application started
2025-09-17 15:02:25,786 - FileExplorer - INFO - Application closed
2025-09-17 15:08:26,325 - FileExplorer - INFO - Application started
2025-09-17 15:08:27,277 - FileExplorer - INFO - Selected: C:/Users/sadval/.chocolatey
2025-09-17 15:08:29,047 - FileExplorer - ERROR - Ќевозможно перейти в директорию выше!
2025-09-17 15:08:29,191 - FileExplorer - ERROR - Ќевозможно перейти в директорию выше!
2025-09-17 15:08:29,337 - FileExplorer - ERROR - Ќевозможно перейти в директорию выше!
2025-09-17 15:08:30,932 - FileExplorer - INFO - Selected: C:/
2025-09-17 15:08:31,940 - FileExplorer - INFO - Changed to directory: C:/
2025-09-17 15:08:32,464 - FileExplorer - INFO - Selected: C:/Program Files (x86)
2025-09-17 15:08:33,028 - FileExplorer - INFO - Changed to directory: C:/Program Files (x86)
2025-09-17 15:08:33,388 - FileExplorer - INFO - Selected: C:/Program Files (x86)/AOMEI Partition Assistant
2025-09-17 15:08:33,902 - FileExplorer - INFO - Changed to directory: C:/Program Files (x86)/AOMEI Partition Assistant
2025-09-17 15:08:34,439 - FileExplorer - ERROR - Ќевозможно перейти в директорию выше!
2025-09-17 15:08:34,700 - FileExplorer - ERROR - Ќевозможно перейти в директорию выше!
2025-09-17 15:08:34,874 - FileExplorer - ERROR - Ќевозможно перейти в директорию выше!
2025-09-17 15:08:35,023 - FileExplorer - ERROR - Ќевозможно перейти в директорию выше!
2025-09-17 15:08:35,174 - FileExplorer - ERROR - Ќевозможно перейти в директорию выше!
2025-09-17 15:08:35,350 - FileExplorer - ERROR - Ќевозможно перейти в директорию выше!
2025-09-17 15:08:37,581 - FileExplorer - INFO - Selected: C:/Program Files
2025-09-17 15:08:38,204 - FileExplorer - INFO - Changed to directory: C:/Program Files
2025-09-17 15:08:38,778 - FileExplorer - INFO - Selected: C:/Program Files/Cheat Engine
2025-09-17 15:08:39,427 - FileExplorer - INFO - Changed to directory: C:/Program Files/Cheat Engine
2025-09-17 15:08:40,893 - FileExplorer - ERROR - Ќевозможно перейти в директорию выше!
2025-09-17 15:08:41,077 - FileExplorer - ERROR - Ќевозможно перейти в директорию выше!
2025-09-17 15:08:41,231 - FileExplorer - ERROR - Ќевозможно перейти в директорию выше!
2025-09-17 15:08:41,390 - FileExplorer - ERROR - Ќевозможно перейти в директорию выше!
2025-09-17 15:08:46,677 - FileExplorer - INFO - Application closed
2025-09-17 15:09:18,168 - FileExplorer - INFO - Application started
2025-09-17 15:09:38,557 - FileExplorer - INFO - Selected: D:/SteamLibrary/steamapps/common/Besiege
